  Simple2DTransformation.cpp
c:\users\choi\dropbox\sogang\graphics\project1\3.0.simple2dtransarrowmouse_glsl\simple2dtransformation.cpp(880): warning C4305: '초기화 중': 'double'에서 'GLfloat'(으)로 잘립니다.
c:\users\choi\dropbox\sogang\graphics\project1\3.0.simple2dtransarrowmouse_glsl\simple2dtransformation.cpp(881): warning C4305: '초기화 중': 'double'에서 'GLfloat'(으)로 잘립니다.
c:\users\choi\dropbox\sogang\graphics\project1\3.0.simple2dtransarrowmouse_glsl\simple2dtransformation.cpp(883): warning C4305: '초기화 중': 'double'에서 'GLfloat'(으)로 잘립니다.
c:\users\choi\dropbox\sogang\graphics\project1\3.0.simple2dtransarrowmouse_glsl\simple2dtransformation.cpp(976): warning C4305: '-=': 'double'에서 'float'(으)로 잘립니다.
c:\users\choi\dropbox\sogang\graphics\project1\3.0.simple2dtransarrowmouse_glsl\simple2dtransformation.cpp(995): warning C4305: '-=': 'double'에서 'float'(으)로 잘립니다.
c:\users\choi\dropbox\sogang\graphics\project1\3.0.simple2dtransarrowmouse_glsl\simple2dtransformation.cpp(999): warning C4305: '+=': 'double'에서 'float'(으)로 잘립니다.
c:\users\choi\dropbox\sogang\graphics\project1\3.0.simple2dtransarrowmouse_glsl\simple2dtransformation.cpp(1014): warning C4305: '+=': 'double'에서 'float'(으)로 잘립니다.
c:\users\choi\dropbox\sogang\graphics\project1\3.0.simple2dtransarrowmouse_glsl\simple2dtransformation.cpp(1021): warning C4305: '-=': 'double'에서 'float'(으)로 잘립니다.
c:\users\choi\dropbox\sogang\graphics\project1\3.0.simple2dtransarrowmouse_glsl\simple2dtransformation.cpp(1043): warning C4305: '-=': 'double'에서 'GLfloat'(으)로 잘립니다.
c:\users\choi\dropbox\sogang\graphics\project1\3.0.simple2dtransarrowmouse_glsl\simple2dtransformation.cpp(1047): warning C4305: '+=': 'double'에서 'GLfloat'(으)로 잘립니다.
c:\users\choi\dropbox\sogang\graphics\project1\3.0.simple2dtransarrowmouse_glsl\simple2dtransformation.cpp(1084): warning C4101: 'delx' :참조되지 않은 지역 변수입니다.
c:\users\choi\dropbox\sogang\graphics\project1\3.0.simple2dtransarrowmouse_glsl\simple2dtransformation.cpp(1084): warning C4101: 's' :참조되지 않은 지역 변수입니다.
c:\users\choi\dropbox\sogang\graphics\project1\3.0.simple2dtransarrowmouse_glsl\simple2dtransformation.cpp(1084): warning C4101: 'x' :참조되지 않은 지역 변수입니다.
c:\users\choi\dropbox\sogang\graphics\project1\3.0.simple2dtransarrowmouse_glsl\simple2dtransformation.cpp(1084): warning C4101: 'dels' :참조되지 않은 지역 변수입니다.
c:\users\choi\dropbox\sogang\graphics\project1\3.0.simple2dtransarrowmouse_glsl\simple2dtransformation.cpp(1084): warning C4101: 'r' :참조되지 않은 지역 변수입니다.
c:\users\choi\dropbox\sogang\graphics\project1\3.0.simple2dtransarrowmouse_glsl\simple2dtransformation.cpp(1084): warning C4101: 'delr' :참조되지 않은 지역 변수입니다.
c:\users\choi\dropbox\sogang\graphics\project1\3.0.simple2dtransarrowmouse_glsl\simple2dtransformation.cpp(1327): warning C4326: 'main'의 반환 형식이 'int'이어야 하는데 'void'입니다.
  코드를 생성하고 있습니다.
  0 of 98 functions ( 0.0%) were compiled, the rest were copied from previous compilation.
    0 functions were new in current compilation
    0 functions had inline decision re-evaluated but remain unchanged
  코드를 생성했습니다.
  Project1.vcxproj -> C:\Users\CHOI\Dropbox\Sogang\graphics\Project1\Release\Project1.exe
